<?xml version="1.0" encoding="UTF-8"?>
<testsuite name="com.demo.api.toodemo.ToodemoApplicationTests" tests="1" skipped="0" failures="0" errors="0" timestamp="2018-08-31T07:00:06" hostname="ip-172-23-248-210.ap-southeast-1.compute.internal" time="0.073">
  <properties/>
  <testcase name="contextLoads" classname="com.demo.api.toodemo.ToodemoApplicationTests" time="0.073"/>
  <system-out><![CDATA[14:00:02.639 [Test worker] DEBUG org.springframework.test.context.junit4.SpringJUnit4ClassRunner - SpringJUnit4ClassRunner constructor called with [class com.demo.api.toodemo.ToodemoApplicationTests]
14:00:02.647 [Test worker] DEBUG org.springframework.test.context.BootstrapUtils - Instantiating CacheAwareContextLoaderDelegate from class [org.springframework.test.context.cache.DefaultCacheAwareContextLoaderDelegate]
14:00:02.654 [Test worker] DEBUG org.springframework.test.context.BootstrapUtils - Instantiating BootstrapContext using constructor [public org.springframework.test.context.support.DefaultBootstrapContext(java.lang.Class,org.springframework.test.context.CacheAwareContextLoaderDelegate)]
14:00:02.670 [Test worker] DEBUG org.springframework.test.context.BootstrapUtils - Instantiating TestContextBootstrapper for test class [com.demo.api.toodemo.ToodemoApplicationTests] from class [org.springframework.boot.test.context.SpringBootTestContextBootstrapper]
14:00:02.680 [Test worker] INFO org.springframework.boot.test.context.SpringBootTestContextBootstrapper - Neither @ContextConfiguration nor @ContextHierarchy found for test class [com.demo.api.toodemo.ToodemoApplicationTests], using SpringBootContextLoader
14:00:02.683 [Test worker] DEBUG org.springframework.test.context.support.AbstractContextLoader - Did not detect default resource location for test class [com.demo.api.toodemo.ToodemoApplicationTests]: class path resource [com/demo/api/toodemo/ToodemoApplicationTests-context.xml] does not exist
14:00:02.684 [Test worker] DEBUG org.springframework.test.context.support.AbstractContextLoader - Did not detect default resource location for test class [com.demo.api.toodemo.ToodemoApplicationTests]: class path resource [com/demo/api/toodemo/ToodemoApplicationTestsContext.groovy] does not exist
14:00:02.684 [Test worker] INFO org.springframework.test.context.support.AbstractContextLoader - Could not detect default resource locations for test class [com.demo.api.toodemo.ToodemoApplicationTests]: no resource found for suffixes {-context.xml, Context.groovy}.
14:00:02.685 [Test worker] INFO org.springframework.test.context.support.AnnotationConfigContextLoaderUtils - Could not detect default configuration classes for test class [com.demo.api.toodemo.ToodemoApplicationTests]: ToodemoApplicationTests does not declare any static, non-private, non-final, nested classes annotated with @Configuration.
14:00:02.722 [Test worker] DEBUG org.springframework.test.context.support.ActiveProfilesUtils - Could not find an 'annotation declaring class' for annotation type [org.springframework.test.context.ActiveProfiles] and class [com.demo.api.toodemo.ToodemoApplicationTests]
14:00:02.732 [Test worker] DEBUG org.springframework.core.env.StandardEnvironment - Adding PropertySource 'systemProperties' with lowest search precedence
14:00:02.732 [Test worker] DEBUG org.springframework.core.env.StandardEnvironment - Adding PropertySource 'systemEnvironment' with lowest search precedence
14:00:02.733 [Test worker] DEBUG org.springframework.core.env.StandardEnvironment - Initialized StandardEnvironment with PropertySources [MapPropertySource@1644453624 {name='systemProperties', properties={java.runtime.name=Java(TM) SE Runtime Environment, sun.boot.library.path=/Library/Java/JavaVirtualMachines/jdk1.8.0_181.jdk/Contents/Home/jre/lib, java.vm.version=25.181-b13, gopherProxySet=false, java.vm.vendor=Oracle Corporation, java.vendor.url=http://java.oracle.com/, path.separator=:, java.vm.name=Java HotSpot(TM) 64-Bit Server VM, file.encoding.pkg=sun.io, sun.java.launcher=SUN_STANDARD, user.country=TH, sun.os.patch.level=unknown, java.vm.specification.name=Java Virtual Machine Specification, user.dir=/Users/taechit.cha/sourcecode/00-git/kotlin-webflux-mongodb, java.runtime.version=1.8.0_181-b13, java.awt.graphicsenv=sun.awt.CGraphicsEnvironment, java.endorsed.dirs=/Library/Java/JavaVirtualMachines/jdk1.8.0_181.jdk/Contents/Home/jre/lib/endorsed, os.arch=x86_64, java.io.tmpdir=/var/folders/nt/g0glvl211n50hsrp2cr09frr0000gp/T/, line.separator=
, java.vm.specification.vendor=Oracle Corporation, user.variant=, os.name=Mac OS X, sun.jnu.encoding=UTF-8, java.library.path=/Users/taechit.cha/Library/Java/Extensions:/Library/Java/Extensions:/Network/Library/Java/Extensions:/System/Library/Java/Extensions:/usr/lib/java:., java.specification.name=Java Platform API Specification, java.class.version=52.0, org.gradle.native=false, sun.management.compiler=HotSpot 64-Bit Tiered Compilers, os.version=10.13.6, http.nonProxyHosts=local|*.local|169.254/16|*.169.254/16, user.home=/Users/taechit.cha, user.timezone=Asia/Bangkok, java.awt.printerjob=sun.lwawt.macosx.CPrinterJob, file.encoding=UTF-8, java.specification.version=1.8, java.class.path=/Users/taechit.cha/sourcecode/00-git/kotlin-webflux-mongodb/build/classes/java/test:/Users/taechit.cha/sourcecode/00-git/kotlin-webflux-mongodb/build/classes/kotlin/test:/Users/taechit.cha/sourcecode/00-git/kotlin-webflux-mongodb/build/resources/test:/Users/taechit.cha/sourcecode/00-git/kotlin-webflux-mongodb/build/classes/java/main:/Users/taechit.cha/sourcecode/00-git/kotlin-webflux-mongodb/build/classes/kotlin/main:/Users/taechit.cha/sourcecode/00-git/kotlin-webflux-mongodb/build/resources/main:/Users/taechit.cha/.gradle/caches/modules-2/files-2.1/org.springframework.boot/spring-boot-starter-data-mongodb-reactive/2.0.4.RELEASE/f84563147d888869b991755702ed42e95560b6e1/spring-boot-starter-data-mongodb-reactive-2.0.4.RELEASE.jar:/Users/taechit.cha/.gradle/caches/modules-2/files-2.1/org.springframework.boot/spring-boot-starter-webflux/2.0.4.RELEASE/a52fcd02fb6129e14f2b4b36acc5748368563c93/spring-boot-starter-webflux-2.0.4.RELEASE.jar:/Users/taechit.cha/.gradle/caches/modules-2/files-2.1/com.fasterxml.jackson.module/jackson-module-kotlin/2.9.6/12c5482762e03c19a95187fd94c3611738dee604/jackson-module-kotlin-2.9.6.jar:/Users/taechit.cha/.gradle/caches/modules-2/files-2.1/org.jetbrains.kotlin/kotlin-stdlib-jdk8/1.2.51/68faa6fb7e32a7665a6849f242bc621c3ed48101/kotlin-stdlib-jdk8-1.2.51.jar:/Users/taechit.cha/.gradle/caches/modules-2/files-2.1/org.jetbrains.kotlin/kotlin-reflect/1.2.51/36b719a7b84452dd13eeec979d8c82bfb765c57d/kotlin-reflect-1.2.51.jar:/Users/taechit.cha/.gradle/caches/modules-2/files-2.1/org.projectlombok/lombok/1.16.22/e555426550f54284fefb09065f2123a1d9be0b73/lombok-1.16.22.jar:/Users/taechit.cha/.gradle/caches/modules-2/files-2.1/de.flapdoodle.embed/de.flapdoodle.embed.mongo/2.0.3/ebd8f3f05a4095877b4ca73a1fbd5ac2e9efb853/de.flapdoodle.embed.mongo-2.0.3.jar:/Users/taechit.cha/.gradle/caches/modules-2/files-2.1/org.springframework.boot/spring-boot-starter-test/2.0.4.RELEASE/8f473705d2742b669f0318f10a956f94a93ba3d2/spring-boot-starter-test-2.0.4.RELEASE.jar:/Users/taechit.cha/.gradle/caches/modules-2/files-2.1/io.projectreactor/reactor-test/3.1.8.RELEASE/e9f798e2f85e322535068ebc33a0ed8b72a3fea2/reactor-test-3.1.8.RELEASE.jar:/Users/taechit.cha/.gradle/caches/modules-2/files-2.1/org.springframework.boot/spring-boot-starter-json/2.0.4.RELEASE/c7afabf0d7c85db178da4ce0634e3bd2ddb0eb71/spring-boot-starter-json-2.0.4.RELEASE.jar:/Users/taechit.cha/.gradle/caches/modules-2/files-2.1/org.springframework.boot/spring-boot-starter/2.0.4.RELEASE/ec46c63a2adeee40058eff1a6baefca13975dc94/spring-boot-starter-2.0.4.RELEASE.jar:/Users/taechit.cha/.gradle/caches/modules-2/files-2.1/org.springframework.data/spring-data-mongodb/2.0.9.RELEASE/912fd8ceb8fd57c3ad0ee9db8929201862ac51bb/spring-data-mongodb-2.0.9.RELEASE.jar:/Users/taechit.cha/.gradle/caches/modules-2/files-2.1/org.mongodb/mongodb-driver/3.6.4/4ddaa4520e9b3a9255ae138f782d73432be6787d/mongodb-driver-3.6.4.jar:/Users/taechit.cha/.gradle/caches/modules-2/files-2.1/org.mongodb/mongodb-driver-reactivestreams/1.7.1/78bf59f59a02f7f7e6a7fb88c60552ffe5b84aa4/mongodb-driver-reactivestreams-1.7.1.jar:/Users/taechit.cha/.gradle/caches/modules-2/files-2.1/org.mongodb/mongodb-driver-async/3.6.4/9e20d658de5a893b1c115e16f2f26aab208350a9/mongodb-driver-async-3.6.4.jar:/Users/taechit.cha/.gradle/caches/modules-2/files-2.1/org.springframework/spring-webflux/5.0.8.RELEASE/d16ce1cf6f95771e821619d6ef13c1f0333fafb/spring-webflux-5.0.8.RELEASE.jar:/Users/taechit.cha/.gradle/caches/modules-2/files-2.1/org.springframework.boot/spring-boot-starter-reactor-netty/2.0.4.RELEASE/ed4ac88f7fc699a9cbb6ee804a26e2e30239ca35/spring-boot-starter-reactor-netty-2.0.4.RELEASE.jar:/Users/taechit.cha/.gradle/caches/modules-2/files-2.1/io.projectreactor.ipc/reactor-netty/0.7.8.RELEASE/fe25c7d3042b6005690f7d243cef987b696a12ee/reactor-netty-0.7.8.RELEASE.jar:/Users/taechit.cha/.gradle/caches/modules-2/files-2.1/io.projectreactor/reactor-core/3.1.8.RELEASE/3bcc30f9161d3d17abe44b4aa20e397e5170566e/reactor-core-3.1.8.RELEASE.jar:/Users/taechit.cha/.gradle/caches/modules-2/files-2.1/org.hibernate.validator/hibernate-validator/6.0.11.Final/36f9d10a11e4768f55e8fb91ebe4338a5c43954e/hibernate-validator-6.0.11.Final.jar:/Users/taechit.cha/.gradle/caches/modules-2/files-2.1/org.springframework/spring-web/5.0.8.RELEASE/fa43cdadb4ab2491fd1d0ddb06c0808e4b60fc85/spring-web-5.0.8.RELEASE.jar:/Users/taechit.cha/.gradle/caches/modules-2/files-2.1/org.synchronoss.cloud/nio-multipart-parser/1.1.0/c6c417fec6612584b1c34d4dd98c5a4e47e8c754/nio-multipart-parser-1.1.0.jar:/Users/taechit.cha/.gradle/caches/modules-2/files-2.1/com.fasterxml.jackson.datatype/jackson-datatype-jdk8/2.9.6/456895fc91bf7180b216fead220373e6278230c9/jackson-datatype-jdk8-2.9.6.jar:/Users/taechit.cha/.gradle/caches/modules-2/files-2.1/com.fasterxml.jackson.datatype/jackson-datatype-jsr310/2.9.6/ea54f6193d224e5e5732bbd4262327eb465397c2/jackson-datatype-jsr310-2.9.6.jar:/Users/taechit.cha/.gradle/caches/modules-2/files-2.1/com.fasterxml.jackson.module/jackson-module-parameter-names/2.9.6/129acd77a4b6ee30d62d3a0899b1344c8ec2bff8/jackson-module-parameter-names-2.9.6.jar:/Users/taechit.cha/.gradle/caches/modules-2/files-2.1/com.fasterxml.jackson.core/jackson-databind/2.9.6/cfa4f316351a91bfd95cb0644c6a2c95f52db1fc/jackson-databind-2.9.6.jar:/Users/taechit.cha/.gradle/caches/modules-2/files-2.1/com.fasterxml.jackson.core/jackson-annotations/2.9.0/7c10d545325e3a6e72e06381afe469fd40eb701/jackson-annotations-2.9.0.jar:/Users/taechit.cha/.gradle/caches/modules-2/files-2.1/org.jetbrains.kotlin/kotlin-stdlib-jdk7/1.2.51/a37c0066df119c02f034bf17159089b588ccc41a/kotlin-stdlib-jdk7-1.2.51.jar:/Users/taechit.cha/.gradle/caches/modules-2/files-2.1/org.jetbrains.kotlin/kotlin-stdlib/1.2.51/fa8127e505bff50fec291d0dd619d1bda5c619e0/kotlin-stdlib-1.2.51.jar:/Users/taechit.cha/.gradle/caches/modules-2/files-2.1/de.flapdoodle.embed/de.flapdoodle.embed.process/2.0.2/7fe480f5a233ca5a485d8f5f48616f749adf1807/de.flapdoodle.embed.process-2.0.2.jar:/Users/taechit.cha/.gradle/caches/modules-2/files-2.1/org.springframework.boot/spring-boot-test-autoconfigure/2.0.4.RELEASE/8a2e3f31e607fdb08deda2f59263ce177f1c4310/spring-boot-test-autoconfigure-2.0.4.RELEASE.jar:/Users/taechit.cha/.gradle/caches/modules-2/files-2.1/org.springframework.boot/spring-boot-test/2.0.4.RELEASE/8a17fc3cf16b6d75f2ba132ade04409a670095de/spring-boot-test-2.0.4.RELEASE.jar:/Users/taechit.cha/.gradle/caches/modules-2/files-2.1/com.jayway.jsonpath/json-path/2.4.0/765a4401ceb2dc8d40553c2075eb80a8fa35c2ae/json-path-2.4.0.jar:/Users/taechit.cha/.gradle/caches/modules-2/files-2.1/junit/junit/4.12/2973d150c0dc1fefe998f834810d68f278ea58ec/junit-4.12.jar:/Users/taechit.cha/.gradle/caches/modules-2/files-2.1/org.assertj/assertj-core/3.9.1/c5ce126b15f28d56cd8f960c1a6a058b9c9aea87/assertj-core-3.9.1.jar:/Users/taechit.cha/.gradle/caches/modules-2/files-2.1/org.mockito/mockito-core/2.15.0/b84bfbbc29cd22c9529409627af6ea2897f4fa85/mockito-core-2.15.0.jar:/Users/taechit.cha/.gradle/caches/modules-2/files-2.1/org.hamcrest/hamcrest-library/1.3/4785a3c21320980282f9f33d0d1264a69040538f/hamcrest-library-1.3.jar:/Users/taechit.cha/.gradle/caches/modules-2/files-2.1/org.hamcrest/hamcrest-core/1.3/42a25dc3219429f0e5d060061f71acb49bf010a0/hamcrest-core-1.3.jar:/Users/taechit.cha/.gradle/caches/modules-2/files-2.1/org.skyscreamer/jsonassert/1.5.0/6c9d5fe2f59da598d9aefc1cfc6528ff3cf32df3/jsonassert-1.5.0.jar:/Users/taechit.cha/.gradle/caches/modules-2/files-2.1/org.springframework/spring-test/5.0.8.RELEASE/5782619373bd7e7b7d9106203c317b04bb613ebb/spring-test-5.0.8.RELEASE.jar:/Users/taechit.cha/.gradle/caches/modules-2/files-2.1/org.springframework.boot/spring-boot-autoconfigure/2.0.4.RELEASE/65cd1244d606acc02ab7bfc47a203a3fe2400dda/spring-boot-autoconfigure-2.0.4.RELEASE.jar:/Users/taechit.cha/.gradle/caches/modules-2/files-2.1/org.springframework.boot/spring-boot/2.0.4.RELEASE/c8619c5b06d4dcdb4cac1e5e9c839e6e8b1c8574/spring-boot-2.0.4.RELEASE.jar:/Users/taechit.cha/.gradle/caches/modules-2/files-2.1/org.springframework/spring-tx/5.0.8.RELEASE/b6488db6192f71bd682a13b9d42127307631c616/spring-tx-5.0.8.RELEASE.jar:/Users/taechit.cha/.gradle/caches/modules-2/files-2.1/org.springframework/spring-context/5.0.8.RELEASE/3a067d8990761111c9b6d1d895640be26cc1fb38/spring-context-5.0.8.RELEASE.jar:/Users/taechit.cha/.gradle/caches/modules-2/files-2.1/org.springframework.data/spring-data-commons/2.0.9.RELEASE/9c8f3ea29c9dd6e4c41876c46e9f5f4987390beb/spring-data-commons-2.0.9.RELEASE.jar:/Users/taechit.cha/.gradle/caches/modules-2/files-2.1/org.springframework/spring-aop/5.0.8.RELEASE/f5086c1a3185c481104511837427b39a07a57aa2/spring-aop-5.0.8.RELEASE.jar:/Users/taechit.cha/.gradle/caches/modules-2/files-2.1/org.springframework/spring-beans/5.0.8.RELEASE/5fc965d3e7f5515099244857a8ae9e2a208c169b/spring-beans-5.0.8.RELEASE.jar:/Users/taechit.cha/.gradle/caches/modules-2/files-2.1/org.springframework/spring-expression/5.0.8.RELEASE/f23158f22c917df2cddf2ecebc398a9e95f95fae/spring-expression-5.0.8.RELEASE.jar:/Users/taechit.cha/.gradle/caches/modules-2/files-2.1/org.springframework/spring-core/5.0.8.RELEASE/dc39c49e3246cdf73d3786ac41119140aed3fa08/spring-core-5.0.8.RELEASE.jar:/Users/taechit.cha/.gradle/caches/modules-2/files-2.1/org.xmlunit/xmlunit-core/2.5.1/4ffdb346572a7356f7521cd3119ce5287d2e339d/xmlunit-core-2.5.1.jar:/Users/taechit.cha/.gradle/caches/modules-2/files-2.1/org.springframework.boot/spring-boot-starter-logging/2.0.4.RELEASE/dcd1a2c431c970f44adae64d9145133979a513ab/spring-boot-starter-logging-2.0.4.RELEASE.jar:/Users/taechit.cha/.gradle/caches/modules-2/files-2.1/javax.annotation/javax.annotation-api/1.3.2/934c04d3cfef185a8008e7bf34331b79730a9d43/javax.annotation-api-1.3.2.jar:/Users/taechit.cha/.gradle/caches/modules-2/files-2.1/org.yaml/snakeyaml/1.19/2d998d3d674b172a588e54ab619854d073f555b5/snakeyaml-1.19.jar:/Users/taechit.cha/.gradle/caches/modules-2/files-2.1/org.synchronoss.cloud/nio-stream-storage/1.1.3/986dba5f6e5eed20f0dba6ddc8e8a64a9ebdc2f3/nio-stream-storage-1.1.3.jar:/Users/taechit.cha/.gradle/caches/modules-2/files-2.1/ch.qos.logback/logback-classic/1.2.3/7c4f3c474fb2c041d8028740440937705ebb473a/logback-classic-1.2.3.jar:/Users/taechit.cha/.gradle/caches/modules-2/files-2.1/org.apache.logging.log4j/log4j-to-slf4j/2.10.0/f7e631ccf49cfc0aefa4a2a728da7d374c05bd3c/log4j-to-slf4j-2.10.0.jar:/Users/taechit.cha/.gradle/caches/modules-2/files-2.1/org.slf4j/jul-to-slf4j/1.7.25/af5364cd6679bfffb114f0dec8a157aaa283b76/jul-to-slf4j-1.7.25.jar:/Users/taechit.cha/.gradle/caches/modules-2/files-2.1/org.slf4j/slf4j-api/1.7.25/da76ca59f6a57ee3102f8f9bd9cee742973efa8a/slf4j-api-1.7.25.jar:/Users/taechit.cha/.gradle/caches/modules-2/files-2.1/org.mongodb/mongodb-driver-core/3.6.4/6e737a5d706036bed528522d445dd2ffc454bd6b/mongodb-driver-core-3.6.4.jar:/Users/taechit.cha/.gradle/caches/modules-2/files-2.1/org.mongodb/bson/3.6.4/da7487f3cba7ddd1e0b0814005960cf543e9d8/bson-3.6.4.jar:/Users/taechit.cha/.gradle/caches/modules-2/files-2.1/org.reactivestreams/reactive-streams/1.0.2/323964c36556eb0e6209f65c1cef72b53b461ab8/reactive-streams-1.0.2.jar:/Users/taechit.cha/.gradle/caches/modules-2/files-2.1/javax.validation/validation-api/2.0.1.Final/cb855558e6271b1b32e716d24cb85c7f583ce09e/validation-api-2.0.1.Final.jar:/Users/taechit.cha/.gradle/caches/modules-2/files-2.1/org.jboss.logging/jboss-logging/3.3.2.Final/3789d00e859632e6c6206adc0c71625559e6e3b0/jboss-logging-3.3.2.Final.jar:/Users/taechit.cha/.gradle/caches/modules-2/files-2.1/com.fasterxml/classmate/1.3.4/3d5f48f10bbe4eb7bd862f10c0583be2e0053c6/classmate-1.3.4.jar:/Users/taechit.cha/.gradle/caches/modules-2/files-2.1/com.fasterxml.jackson.core/jackson-core/2.9.6/4e393793c37c77e042ccc7be5a914ae39251b365/jackson-core-2.9.6.jar:/Users/taechit.cha/.gradle/caches/modules-2/files-2.1/org.jetbrains.kotlin/kotlin-stdlib-common/1.2.51/e4a9d4b13ab19ed1e6531fce6df98e8cfa7f7301/kotlin-stdlib-common-1.2.51.jar:/Users/taechit.cha/.gradle/caches/modules-2/files-2.1/org.jetbrains/annotations/13.0/919f0dfe192fb4e063e7dacadee7f8bb9a2672a9/annotations-13.0.jar:/Users/taechit.cha/.gradle/caches/modules-2/files-2.1/commons-io/commons-io/2.4/b1b6ea3b7e4aa4f492509a4952029cd8e48019ad/commons-io-2.4.jar:/Users/taechit.cha/.gradle/caches/modules-2/files-2.1/org.apache.commons/commons-lang3/3.7/557edd918fd41f9260963583ebf5a61a43a6b423/commons-lang3-3.7.jar:/Users/taechit.cha/.gradle/caches/modules-2/files-2.1/net.java.dev.jna/jna-platform/4.5.2/741853c07152f6c0fef5194efa6b2dabac22e9c0/jna-platform-4.5.2.jar:/Users/taechit.cha/.gradle/caches/modules-2/files-2.1/net.java.dev.jna/jna/4.5.2/35d000afbaa4ed425d91873b40f4df9b8236875b/jna-4.5.2.jar:/Users/taechit.cha/.gradle/caches/modules-2/files-2.1/org.apache.commons/commons-compress/1.10/5eeb27c57eece1faf2d837868aeccc94d84dcc9a/commons-compress-1.10.jar:/Users/taechit.cha/.gradle/caches/modules-2/files-2.1/net.minidev/json-smart/2.3/7396407491352ce4fa30de92efb158adb76b5b/json-smart-2.3.jar:/Users/taechit.cha/.gradle/caches/modules-2/files-2.1/net.bytebuddy/byte-buddy/1.7.11/f02857a4e2c66ccbe7aaad6100a0a6c461bce9b3/byte-buddy-1.7.11.jar:/Users/taechit.cha/.gradle/caches/modules-2/files-2.1/net.bytebuddy/byte-buddy-agent/1.7.11/b425a8933ca07edd03c6dbc8bc3b595fba9780de/byte-buddy-agent-1.7.11.jar:/Users/taechit.cha/.gradle/caches/modules-2/files-2.1/org.objenesis/objenesis/2.6/639033469776fd37c08358c6b92a4761feb2af4b/objenesis-2.6.jar:/Users/taechit.cha/.gradle/caches/modules-2/files-2.1/com.vaadin.external.google/android-json/0.0.20131108.vaadin1/fa26d351fe62a6a17f5cda1287c1c6110dec413f/android-json-0.0.20131108.vaadin1.jar:/Users/taechit.cha/.gradle/caches/modules-2/files-2.1/org.springframework/spring-jcl/5.0.8.RELEASE/a1fa8fb560fb252321776e16bc9ac8201af4ef5e/spring-jcl-5.0.8.RELEASE.jar:/Users/taechit.cha/.gradle/caches/modules-2/files-2.1/io.netty/netty-handler-proxy/4.1.27.Final/1a822ce7760bc6eb4937b7e448c9e081fedcc807/netty-handler-proxy-4.1.27.Final.jar:/Users/taechit.cha/.gradle/caches/modules-2/files-2.1/io.netty/netty-codec-http/4.1.27.Final/a1722d6bcbbef1c4c7877e8bf38b07a3db5ed07f/netty-codec-http-4.1.27.Final.jar:/Users/taechit.cha/.gradle/caches/modules-2/files-2.1/io.netty/netty-handler/4.1.27.Final/21bd9cf565390a8d72579b8664303e3c175dfc6a/netty-handler-4.1.27.Final.jar:/Users/taechit.cha/.gradle/caches/modules-2/files-2.1/io.netty/netty-transport-native-epoll/4.1.27.Final/8c3a61a7dd53eafe2f0fe31356f1379598f74517/netty-transport-native-epoll-4.1.27.Final-linux-x86_64.jar:/Users/taechit.cha/.gradle/caches/modules-2/files-2.1/net.minidev/accessors-smart/1.2/c592b500269bfde36096641b01238a8350f8aa31/accessors-smart-1.2.jar:/Users/taechit.cha/.gradle/caches/modules-2/files-2.1/ch.qos.logback/logback-core/1.2.3/864344400c3d4d92dfeb0a305dc87d953677c03c/logback-core-1.2.3.jar:/Users/taechit.cha/.gradle/caches/modules-2/files-2.1/org.apache.logging.log4j/log4j-api/2.10.0/fec5797a55b786184a537abd39c3fa1449d752d6/log4j-api-2.10.0.jar:/Users/taechit.cha/.gradle/caches/modules-2/files-2.1/io.netty/netty-codec-socks/4.1.27.Final/285b09af98764cf02e4b77b3d95af188469a7133/netty-codec-socks-4.1.27.Final.jar:/Users/taechit.cha/.gradle/caches/modules-2/files-2.1/io.netty/netty-codec/4.1.27.Final/d2653d78ebaa650064768fb26b10051f5c8efb2c/netty-codec-4.1.27.Final.jar:/Users/taechit.cha/.gradle/caches/modules-2/files-2.1/io.netty/netty-transport-native-unix-common/4.1.27.Final/2b0667fe5c1df78c6cfbf9d53ad8b1fb533fb8e8/netty-transport-native-unix-common-4.1.27.Final.jar:/Users/taechit.cha/.gradle/caches/modules-2/files-2.1/io.netty/netty-transport/4.1.27.Final/b5c2da3ea89dd67320925f1504c9eb3615241b7c/netty-transport-4.1.27.Final.jar:/Users/taechit.cha/.gradle/caches/modules-2/files-2.1/io.netty/netty-buffer/4.1.27.Final/aafe2b9fb0d8f3b200cf10b9fd6486c6a722d7a1/netty-buffer-4.1.27.Final.jar:/Users/taechit.cha/.gradle/caches/modules-2/files-2.1/io.netty/netty-resolver/4.1.27.Final/2536447ef9605ccb2b5203aa22392c6514484ea9/netty-resolver-4.1.27.Final.jar:/Users/taechit.cha/.gradle/caches/modules-2/files-2.1/io.netty/netty-common/4.1.27.Final/6a12a969c27fb37b230c4bde5a67bd822fa6b7a4/netty-common-4.1.27.Final.jar:/Users/taechit.cha/.gradle/caches/modules-2/files-2.1/org.ow2.asm/asm/5.0.4/da08b8cce7bbf903602a25a3a163ae252435795/asm-5.0.4.jar, user.name=taechit.cha, java.vm.specification.version=1.8, sun.java.command=worker.org.gradle.process.internal.worker.GradleWorkerMain 'Gradle Test Executor 2', java.home=/Library/Java/JavaVirtualMachines/jdk1.8.0_181.jdk/Contents/Home/jre, sun.arch.data.model=64, user.language=en, java.specification.vendor=Oracle Corporation, awt.toolkit=sun.lwawt.macosx.LWCToolkit, java.vm.info=mixed mode, java.version=1.8.0_181, java.ext.dirs=/Users/taechit.cha/Library/Java/Extensions:/Library/Java/JavaVirtualMachines/jdk1.8.0_181.jdk/Contents/Home/jre/lib/ext:/Library/Java/Extensions:/Network/Library/Java/Extensions:/System/Library/Java/Extensions:/usr/lib/java, sun.boot.class.path=/Library/Java/JavaVirtualMachines/jdk1.8.0_181.jdk/Contents/Home/jre/lib/resources.jar:/Library/Java/JavaVirtualMachines/jdk1.8.0_181.jdk/Contents/Home/jre/lib/rt.jar:/Library/Java/JavaVirtualMachines/jdk1.8.0_181.jdk/Contents/Home/jre/lib/sunrsasign.jar:/Library/Java/JavaVirtualMachines/jdk1.8.0_181.jdk/Contents/Home/jre/lib/jsse.jar:/Library/Java/JavaVirtualMachines/jdk1.8.0_181.jdk/Contents/Home/jre/lib/jce.jar:/Library/Java/JavaVirtualMachines/jdk1.8.0_181.jdk/Contents/Home/jre/lib/charsets.jar:/Library/Java/JavaVirtualMachines/jdk1.8.0_181.jdk/Contents/Home/jre/lib/jfr.jar:/Library/Java/JavaVirtualMachines/jdk1.8.0_181.jdk/Contents/Home/jre/classes, java.vendor=Oracle Corporation, org.gradle.test.worker=2, file.separator=/, java.vendor.url.bug=http://bugreport.sun.com/bugreport/, sun.io.unicode.encoding=UnicodeBig, sun.cpu.endian=little, socksNonProxyHosts=local|*.local|169.254/16|*.169.254/16, ftp.nonProxyHosts=local|*.local|169.254/16|*.169.254/16, sun.cpu.isalist=}}, SystemEnvironmentPropertySource@1172800048 {name='systemEnvironment', properties={PYENV_SHELL=zsh, PATH=/Users/taechit.cha/.pyenv/versions/2.7.15/bin:/usr/local/Cellar/pyenv/1.2.7/libexec:/Users/taechit.cha/.pyenv/shims:/Library/Frameworks/Python.framework/Versions/3.7/bin:/usr/local/bin:/usr/bin:/bin:/usr/sbin:/sbin, SHELL=/bin/zsh, PAGER=less, LSCOLORS=Gxfxcxdxbxegedabagacad, PYENV_DIR=/Applications/IntelliJ IDEA CE.app/Contents/bin, PYENV_ROOT=/Users/taechit.cha/.pyenv, USER=taechit.cha, ZSH=/Users/taechit.cha/.oh-my-zsh, TMPDIR=/var/folders/nt/g0glvl211n50hsrp2cr09frr0000gp/T/, PYENV_HOOK_PATH=/Users/taechit.cha/.pyenv/pyenv.d:/usr/local/Cellar/pyenv/1.2.7/pyenv.d:/usr/local/etc/pyenv.d:/etc/pyenv.d:/usr/lib/pyenv/hooks, SSH_AUTH_SOCK=/private/tmp/com.apple.launchd.kxLp6EQ2wI/Listeners, SPACESHIP_VERSION=3.5.0, SPACESHIP_ROOT=/Users/taechit.cha/.oh-my-zsh/custom/themes/spaceship-prompt, XPC_FLAGS=0x0, __CF_USER_TEXT_ENCODING=0x1F6:0x0:0x0, Apple_PubSub_Socket_Render=/private/tmp/com.apple.launchd.1eYrxeyHTD/Render, LESS=-R, LOGNAME=taechit.cha, LC_CTYPE=, PYENV_VERSION=2.7.15, XPC_SERVICE_NAME=com.jetbrains.intellij.ce.2692, JAVA_MAIN_CLASS_7723=worker.org.gradle.process.internal.worker.GradleWorkerMain, HOME=/Users/taechit.cha}}]
14:00:02.749 [Test worker] DEBUG org.springframework.core.io.support.PathMatchingResourcePatternResolver - Resolved classpath location [com/demo/api/toodemo/] to resources [URL [file:/Users/taechit.cha/sourcecode/00-git/kotlin-webflux-mongodb/build/classes/kotlin/test/com/demo/api/toodemo/], URL [file:/Users/taechit.cha/sourcecode/00-git/kotlin-webflux-mongodb/build/classes/kotlin/main/com/demo/api/toodemo/]]
14:00:02.750 [Test worker] DEBUG org.springframework.core.io.support.PathMatchingResourcePatternResolver - Looking for matching resources in directory tree [/Users/taechit.cha/sourcecode/00-git/kotlin-webflux-mongodb/build/classes/kotlin/test/com/demo/api/toodemo]
14:00:02.750 [Test worker] DEBUG org.springframework.core.io.support.PathMatchingResourcePatternResolver - Searching directory [/Users/taechit.cha/sourcecode/00-git/kotlin-webflux-mongodb/build/classes/kotlin/test/com/demo/api/toodemo] for files matching pattern [/Users/taechit.cha/sourcecode/00-git/kotlin-webflux-mongodb/build/classes/kotlin/test/com/demo/api/toodemo/*.class]
14:00:02.753 [Test worker] DEBUG org.springframework.core.io.support.PathMatchingResourcePatternResolver - Looking for matching resources in directory tree [/Users/taechit.cha/sourcecode/00-git/kotlin-webflux-mongodb/build/classes/kotlin/main/com/demo/api/toodemo]
14:00:02.753 [Test worker] DEBUG org.springframework.core.io.support.PathMatchingResourcePatternResolver - Searching directory [/Users/taechit.cha/sourcecode/00-git/kotlin-webflux-mongodb/build/classes/kotlin/main/com/demo/api/toodemo] for files matching pattern [/Users/taechit.cha/sourcecode/00-git/kotlin-webflux-mongodb/build/classes/kotlin/main/com/demo/api/toodemo/*.class]
14:00:02.754 [Test worker] DEBUG org.springframework.core.io.support.PathMatchingResourcePatternResolver - Resolved location pattern [classpath*:com/demo/api/toodemo/*.class] to resources [file [/Users/taechit.cha/sourcecode/00-git/kotlin-webflux-mongodb/build/classes/kotlin/test/com/demo/api/toodemo/ToodemoApplicationTests.class], file [/Users/taechit.cha/sourcecode/00-git/kotlin-webflux-mongodb/build/classes/kotlin/main/com/demo/api/toodemo/ToodemoApplication.class], file [/Users/taechit.cha/sourcecode/00-git/kotlin-webflux-mongodb/build/classes/kotlin/main/com/demo/api/toodemo/ToodemoApplicationKt.class]]
14:00:02.801 [Test worker] DEBUG org.springframework.context.annotation.ClassPathScanningCandidateComponentProvider - Identified candidate component class: file [/Users/taechit.cha/sourcecode/00-git/kotlin-webflux-mongodb/build/classes/kotlin/main/com/demo/api/toodemo/ToodemoApplication.class]
14:00:02.804 [Test worker] INFO org.springframework.boot.test.context.SpringBootTestContextBootstrapper - Found @SpringBootConfiguration com.demo.api.toodemo.ToodemoApplication for test class com.demo.api.toodemo.ToodemoApplicationTests
14:00:02.910 [Test worker] DEBUG org.springframework.boot.test.context.SpringBootTestContextBootstrapper - @TestExecutionListeners is not present for class [com.demo.api.toodemo.ToodemoApplicationTests]: using defaults.
14:00:02.910 [Test worker] INFO org.springframework.boot.test.context.SpringBootTestContextBootstrapper - Loaded default TestExecutionListener class names from location [META-INF/spring.factories]: [org.springframework.boot.test.autoconfigure.restdocs.RestDocsTestExecutionListener, org.springframework.boot.test.autoconfigure.web.client.MockRestServiceServerResetTestExecutionListener, org.springframework.boot.test.autoconfigure.web.servlet.MockMvcPrintOnlyOnFailureTestExecutionListener, org.springframework.boot.test.autoconfigure.web.servlet.WebDriverTestExecutionListener, org.springframework.boot.test.mock.mockito.MockitoTestExecutionListener, org.springframework.boot.test.mock.mockito.ResetMocksTestExecutionListener, org.springframework.test.context.web.ServletTestExecutionListener, org.springframework.test.context.support.DirtiesContextBeforeModesTestExecutionListener, org.springframework.test.context.support.DependencyInjectionTestExecutionListener, org.springframework.test.context.support.DirtiesContextTestExecutionListener, org.springframework.test.context.transaction.TransactionalTestExecutionListener, org.springframework.test.context.jdbc.SqlScriptsTestExecutionListener]
14:00:02.918 [Test worker] DEBUG org.springframework.boot.test.context.SpringBootTestContextBootstrapper - Skipping candidate TestExecutionListener [org.springframework.test.context.web.ServletTestExecutionListener] due to a missing dependency. Specify custom listener classes or make the default listener classes and their required dependencies available. Offending class: [javax/servlet/ServletContext]
14:00:02.923 [Test worker] INFO org.springframework.boot.test.context.SpringBootTestContextBootstrapper - Using TestExecutionListeners: [org.springframework.test.context.support.DirtiesContextBeforeModesTestExecutionListener@61bbac29, org.springframework.boot.test.mock.mockito.MockitoTestExecutionListener@4a266028, org.springframework.boot.test.autoconfigure.SpringBootDependencyInjectionTestExecutionListener@6fabab51, org.springframework.test.context.support.DirtiesContextTestExecutionListener@6f329c53, org.springframework.test.context.transaction.TransactionalTestExecutionListener@53d4bf78, org.springframework.test.context.jdbc.SqlScriptsTestExecutionListener@2a0aa20a, org.springframework.boot.test.autoconfigure.restdocs.RestDocsTestExecutionListener@18c97539, org.springframework.boot.test.autoconfigure.web.client.MockRestServiceServerResetTestExecutionListener@6362a277, org.springframework.boot.test.autoconfigure.web.servlet.MockMvcPrintOnlyOnFailureTestExecutionListener@153bfe1c, org.springframework.boot.test.autoconfigure.web.servlet.WebDriverTestExecutionListener@6a5e1443, org.springframework.boot.test.mock.mockito.ResetMocksTestExecutionListener@396dc48c]
14:00:02.926 [Test worker] DEBUG org.springframework.test.annotation.ProfileValueUtils - Retrieved @ProfileValueSourceConfiguration [null] for test class [com.demo.api.toodemo.ToodemoApplicationTests]
14:00:02.927 [Test worker] DEBUG org.springframework.test.annotation.ProfileValueUtils - Retrieved ProfileValueSource type [class org.springframework.test.annotation.SystemProfileValueSource] for class [com.demo.api.toodemo.ToodemoApplicationTests]
14:00:02.927 [Test worker] DEBUG org.springframework.test.annotation.ProfileValueUtils - Retrieved @ProfileValueSourceConfiguration [null] for test class [com.demo.api.toodemo.ToodemoApplicationTests]
14:00:02.928 [Test worker] DEBUG org.springframework.test.annotation.ProfileValueUtils - Retrieved ProfileValueSource type [class org.springframework.test.annotation.SystemProfileValueSource] for class [com.demo.api.toodemo.ToodemoApplicationTests]
14:00:02.931 [Test worker] DEBUG org.springframework.test.context.support.AbstractDirtiesContextTestExecutionListener - Before test class: context [DefaultTestContext@503d4b2e testClass = ToodemoApplicationTests, testInstance = [null], testMethod = [null], testException = [null], mergedContextConfiguration = [ReactiveWebMergedContextConfiguration@36295a01 testClass = ToodemoApplicationTests, locations = '{}', classes = '{class com.demo.api.toodemo.ToodemoApplication}', contextInitializerClasses = '[]', activeProfiles = '{}', propertySourceLocations = '{}', propertySourceProperties = '{org.springframework.boot.test.context.SpringBootTestContextBootstrapper=true}', contextCustomizers = set[org.springframework.boot.test.autoconfigure.properties.PropertyMappingContextCustomizer@0, org.springframework.boot.test.autoconfigure.web.servlet.WebDriverContextCustomizerFactory$Customizer@2543128f, org.springframework.boot.test.context.filter.ExcludeFilterContextCustomizer@4f1816f9, org.springframework.boot.test.json.DuplicateJsonObjectContextCustomizerFactory$DuplicateJsonObjectContextCustomizer@29a85e36, org.springframework.boot.test.mock.mockito.MockitoContextCustomizer@0, org.springframework.boot.test.web.client.TestRestTemplateContextCustomizer@686b85c8, org.springframework.boot.test.web.reactive.server.WebTestClientContextCustomizer@7b643fc2], contextLoader = 'org.springframework.boot.test.context.SpringBootContextLoader', parent = [null]], attributes = map[[empty]]], class annotated with @DirtiesContext [false] with mode [null].
14:00:02.931 [Test worker] DEBUG org.springframework.test.annotation.ProfileValueUtils - Retrieved @ProfileValueSourceConfiguration [null] for test class [com.demo.api.toodemo.ToodemoApplicationTests]
14:00:02.932 [Test worker] DEBUG org.springframework.test.annotation.ProfileValueUtils - Retrieved ProfileValueSource type [class org.springframework.test.annotation.SystemProfileValueSource] for class [com.demo.api.toodemo.ToodemoApplicationTests]
14:00:02.935 [Test worker] DEBUG org.springframework.test.context.support.DependencyInjectionTestExecutionListener - Performing dependency injection for test context [[DefaultTestContext@503d4b2e testClass = ToodemoApplicationTests, testInstance = com.demo.api.toodemo.ToodemoApplicationTests@4d337515, testMethod = [null], testException = [null], mergedContextConfiguration = [ReactiveWebMergedContextConfiguration@36295a01 testClass = ToodemoApplicationTests, locations = '{}', classes = '{class com.demo.api.toodemo.ToodemoApplication}', contextInitializerClasses = '[]', activeProfiles = '{}', propertySourceLocations = '{}', propertySourceProperties = '{org.springframework.boot.test.context.SpringBootTestContextBootstrapper=true}', contextCustomizers = set[org.springframework.boot.test.autoconfigure.properties.PropertyMappingContextCustomizer@0, org.springframework.boot.test.autoconfigure.web.servlet.WebDriverContextCustomizerFactory$Customizer@2543128f, org.springframework.boot.test.context.filter.ExcludeFilterContextCustomizer@4f1816f9, org.springframework.boot.test.json.DuplicateJsonObjectContextCustomizerFactory$DuplicateJsonObjectContextCustomizer@29a85e36, org.springframework.boot.test.mock.mockito.MockitoContextCustomizer@0, org.springframework.boot.test.web.client.TestRestTemplateContextCustomizer@686b85c8, org.springframework.boot.test.web.reactive.server.WebTestClientContextCustomizer@7b643fc2], contextLoader = 'org.springframework.boot.test.context.SpringBootContextLoader', parent = [null]], attributes = map[[empty]]]].
14:00:02.949 [Test worker] DEBUG org.springframework.core.env.StandardEnvironment - Adding PropertySource 'systemProperties' with lowest search precedence
14:00:02.950 [Test worker] DEBUG org.springframework.core.env.StandardEnvironment - Adding PropertySource 'systemEnvironment' with lowest search precedence
14:00:02.950 [Test worker] DEBUG org.springframework.core.env.StandardEnvironment - Initialized StandardEnvironment with PropertySources [MapPropertySource@722294202 {name='systemProperties', properties={java.runtime.name=Java(TM) SE Runtime Environment, sun.boot.library.path=/Library/Java/JavaVirtualMachines/jdk1.8.0_181.jdk/Contents/Home/jre/lib, java.vm.version=25.181-b13, gopherProxySet=false, java.vm.vendor=Oracle Corporation, java.vendor.url=http://java.oracle.com/, path.separator=:, java.vm.name=Java HotSpot(TM) 64-Bit Server VM, file.encoding.pkg=sun.io, sun.java.launcher=SUN_STANDARD, user.country=TH, sun.os.patch.level=unknown, java.vm.specification.name=Java Virtual Machine Specification, user.dir=/Users/taechit.cha/sourcecode/00-git/kotlin-webflux-mongodb, java.runtime.version=1.8.0_181-b13, java.awt.graphicsenv=sun.awt.CGraphicsEnvironment, java.endorsed.dirs=/Library/Java/JavaVirtualMachines/jdk1.8.0_181.jdk/Contents/Home/jre/lib/endorsed, os.arch=x86_64, java.io.tmpdir=/var/folders/nt/g0glvl211n50hsrp2cr09frr0000gp/T/, line.separator=
, java.vm.specification.vendor=Oracle Corporation, user.variant=, os.name=Mac OS X, sun.jnu.encoding=UTF-8, java.library.path=/Users/taechit.cha/Library/Java/Extensions:/Library/Java/Extensions:/Network/Library/Java/Extensions:/System/Library/Java/Extensions:/usr/lib/java:., java.specification.name=Java Platform API Specification, java.class.version=52.0, org.gradle.native=false, sun.management.compiler=HotSpot 64-Bit Tiered Compilers, os.version=10.13.6, http.nonProxyHosts=local|*.local|169.254/16|*.169.254/16, user.home=/Users/taechit.cha, user.timezone=Asia/Bangkok, java.awt.printerjob=sun.lwawt.macosx.CPrinterJob, file.encoding=UTF-8, java.specification.version=1.8, java.class.path=/Users/taechit.cha/sourcecode/00-git/kotlin-webflux-mongodb/build/classes/java/test:/Users/taechit.cha/sourcecode/00-git/kotlin-webflux-mongodb/build/classes/kotlin/test:/Users/taechit.cha/sourcecode/00-git/kotlin-webflux-mongodb/build/resources/test:/Users/taechit.cha/sourcecode/00-git/kotlin-webflux-mongodb/build/classes/java/main:/Users/taechit.cha/sourcecode/00-git/kotlin-webflux-mongodb/build/classes/kotlin/main:/Users/taechit.cha/sourcecode/00-git/kotlin-webflux-mongodb/build/resources/main:/Users/taechit.cha/.gradle/caches/modules-2/files-2.1/org.springframework.boot/spring-boot-starter-data-mongodb-reactive/2.0.4.RELEASE/f84563147d888869b991755702ed42e95560b6e1/spring-boot-starter-data-mongodb-reactive-2.0.4.RELEASE.jar:/Users/taechit.cha/.gradle/caches/modules-2/files-2.1/org.springframework.boot/spring-boot-starter-webflux/2.0.4.RELEASE/a52fcd02fb6129e14f2b4b36acc5748368563c93/spring-boot-starter-webflux-2.0.4.RELEASE.jar:/Users/taechit.cha/.gradle/caches/modules-2/files-2.1/com.fasterxml.jackson.module/jackson-module-kotlin/2.9.6/12c5482762e03c19a95187fd94c3611738dee604/jackson-module-kotlin-2.9.6.jar:/Users/taechit.cha/.gradle/caches/modules-2/files-2.1/org.jetbrains.kotlin/kotlin-stdlib-jdk8/1.2.51/68faa6fb7e32a7665a6849f242bc621c3ed48101/kotlin-stdlib-jdk8-1.2.51.jar:/Users/taechit.cha/.gradle/caches/modules-2/files-2.1/org.jetbrains.kotlin/kotlin-reflect/1.2.51/36b719a7b84452dd13eeec979d8c82bfb765c57d/kotlin-reflect-1.2.51.jar:/Users/taechit.cha/.gradle/caches/modules-2/files-2.1/org.projectlombok/lombok/1.16.22/e555426550f54284fefb09065f2123a1d9be0b73/lombok-1.16.22.jar:/Users/taechit.cha/.gradle/caches/modules-2/files-2.1/de.flapdoodle.embed/de.flapdoodle.embed.mongo/2.0.3/ebd8f3f05a4095877b4ca73a1fbd5ac2e9efb853/de.flapdoodle.embed.mongo-2.0.3.jar:/Users/taechit.cha/.gradle/caches/modules-2/files-2.1/org.springframework.boot/spring-boot-starter-test/2.0.4.RELEASE/8f473705d2742b669f0318f10a956f94a93ba3d2/spring-boot-starter-test-2.0.4.RELEASE.jar:/Users/taechit.cha/.gradle/caches/modules-2/files-2.1/io.projectreactor/reactor-test/3.1.8.RELEASE/e9f798e2f85e322535068ebc33a0ed8b72a3fea2/reactor-test-3.1.8.RELEASE.jar:/Users/taechit.cha/.gradle/caches/modules-2/files-2.1/org.springframework.boot/spring-boot-starter-json/2.0.4.RELEASE/c7afabf0d7c85db178da4ce0634e3bd2ddb0eb71/spring-boot-starter-json-2.0.4.RELEASE.jar:/Users/taechit.cha/.gradle/caches/modules-2/files-2.1/org.springframework.boot/spring-boot-starter/2.0.4.RELEASE/ec46c63a2adeee40058eff1a6baefca13975dc94/spring-boot-starter-2.0.4.RELEASE.jar:/Users/taechit.cha/.gradle/caches/modules-2/files-2.1/org.springframework.data/spring-data-mongodb/2.0.9.RELEASE/912fd8ceb8fd57c3ad0ee9db8929201862ac51bb/spring-data-mongodb-2.0.9.RELEASE.jar:/Users/taechit.cha/.gradle/caches/modules-2/files-2.1/org.mongodb/mongodb-driver/3.6.4/4ddaa4520e9b3a9255ae138f782d73432be6787d/mongodb-driver-3.6.4.jar:/Users/taechit.cha/.gradle/caches/modules-2/files-2.1/org.mongodb/mongodb-driver-reactivestreams/1.7.1/78bf59f59a02f7f7e6a7fb88c60552ffe5b84aa4/mongodb-driver-reactivestreams-1.7.1.jar:/Users/taechit.cha/.gradle/caches/modules-2/files-2.1/org.mongodb/mongodb-driver-async/3.6.4/9e20d658de5a893b1c115e16f2f26aab208350a9/mongodb-driver-async-3.6.4.jar:/Users/taechit.cha/.gradle/caches/modules-2/files-2.1/org.springframework/spring-webflux/5.0.8.RELEASE/d16ce1cf6f95771e821619d6ef13c1f0333fafb/spring-webflux-5.0.8.RELEASE.jar:/Users/taechit.cha/.gradle/caches/modules-2/files-2.1/org.springframework.boot/spring-boot-starter-reactor-netty/2.0.4.RELEASE/ed4ac88f7fc699a9cbb6ee804a26e2e30239ca35/spring-boot-starter-reactor-netty-2.0.4.RELEASE.jar:/Users/taechit.cha/.gradle/caches/modules-2/files-2.1/io.projectreactor.ipc/reactor-netty/0.7.8.RELEASE/fe25c7d3042b6005690f7d243cef987b696a12ee/reactor-netty-0.7.8.RELEASE.jar:/Users/taechit.cha/.gradle/caches/modules-2/files-2.1/io.projectreactor/reactor-core/3.1.8.RELEASE/3bcc30f9161d3d17abe44b4aa20e397e5170566e/reactor-core-3.1.8.RELEASE.jar:/Users/taechit.cha/.gradle/caches/modules-2/files-2.1/org.hibernate.validator/hibernate-validator/6.0.11.Final/36f9d10a11e4768f55e8fb91ebe4338a5c43954e/hibernate-validator-6.0.11.Final.jar:/Users/taechit.cha/.gradle/caches/modules-2/files-2.1/org.springframework/spring-web/5.0.8.RELEASE/fa43cdadb4ab2491fd1d0ddb06c0808e4b60fc85/spring-web-5.0.8.RELEASE.jar:/Users/taechit.cha/.gradle/caches/modules-2/files-2.1/org.synchronoss.cloud/nio-multipart-parser/1.1.0/c6c417fec6612584b1c34d4dd98c5a4e47e8c754/nio-multipart-parser-1.1.0.jar:/Users/taechit.cha/.gradle/caches/modules-2/files-2.1/com.fasterxml.jackson.datatype/jackson-datatype-jdk8/2.9.6/456895fc91bf7180b216fead220373e6278230c9/jackson-datatype-jdk8-2.9.6.jar:/Users/taechit.cha/.gradle/caches/modules-2/files-2.1/com.fasterxml.jackson.datatype/jackson-datatype-jsr310/2.9.6/ea54f6193d224e5e5732bbd4262327eb465397c2/jackson-datatype-jsr310-2.9.6.jar:/Users/taechit.cha/.gradle/caches/modules-2/files-2.1/com.fasterxml.jackson.module/jackson-module-parameter-names/2.9.6/129acd77a4b6ee30d62d3a0899b1344c8ec2bff8/jackson-module-parameter-names-2.9.6.jar:/Users/taechit.cha/.gradle/caches/modules-2/files-2.1/com.fasterxml.jackson.core/jackson-databind/2.9.6/cfa4f316351a91bfd95cb0644c6a2c95f52db1fc/jackson-databind-2.9.6.jar:/Users/taechit.cha/.gradle/caches/modules-2/files-2.1/com.fasterxml.jackson.core/jackson-annotations/2.9.0/7c10d545325e3a6e72e06381afe469fd40eb701/jackson-annotations-2.9.0.jar:/Users/taechit.cha/.gradle/caches/modules-2/files-2.1/org.jetbrains.kotlin/kotlin-stdlib-jdk7/1.2.51/a37c0066df119c02f034bf17159089b588ccc41a/kotlin-stdlib-jdk7-1.2.51.jar:/Users/taechit.cha/.gradle/caches/modules-2/files-2.1/org.jetbrains.kotlin/kotlin-stdlib/1.2.51/fa8127e505bff50fec291d0dd619d1bda5c619e0/kotlin-stdlib-1.2.51.jar:/Users/taechit.cha/.gradle/caches/modules-2/files-2.1/de.flapdoodle.embed/de.flapdoodle.embed.process/2.0.2/7fe480f5a233ca5a485d8f5f48616f749adf1807/de.flapdoodle.embed.process-2.0.2.jar:/Users/taechit.cha/.gradle/caches/modules-2/files-2.1/org.springframework.boot/spring-boot-test-autoconfigure/2.0.4.RELEASE/8a2e3f31e607fdb08deda2f59263ce177f1c4310/spring-boot-test-autoconfigure-2.0.4.RELEASE.jar:/Users/taechit.cha/.gradle/caches/modules-2/files-2.1/org.springframework.boot/spring-boot-test/2.0.4.RELEASE/8a17fc3cf16b6d75f2ba132ade04409a670095de/spring-boot-test-2.0.4.RELEASE.jar:/Users/taechit.cha/.gradle/caches/modules-2/files-2.1/com.jayway.jsonpath/json-path/2.4.0/765a4401ceb2dc8d40553c2075eb80a8fa35c2ae/json-path-2.4.0.jar:/Users/taechit.cha/.gradle/caches/modules-2/files-2.1/junit/junit/4.12/2973d150c0dc1fefe998f834810d68f278ea58ec/junit-4.12.jar:/Users/taechit.cha/.gradle/caches/modules-2/files-2.1/org.assertj/assertj-core/3.9.1/c5ce126b15f28d56cd8f960c1a6a058b9c9aea87/assertj-core-3.9.1.jar:/Users/taechit.cha/.gradle/caches/modules-2/files-2.1/org.mockito/mockito-core/2.15.0/b84bfbbc29cd22c9529409627af6ea2897f4fa85/mockito-core-2.15.0.jar:/Users/taechit.cha/.gradle/caches/modules-2/files-2.1/org.hamcrest/hamcrest-library/1.3/4785a3c21320980282f9f33d0d1264a69040538f/hamcrest-library-1.3.jar:/Users/taechit.cha/.gradle/caches/modules-2/files-2.1/org.hamcrest/hamcrest-core/1.3/42a25dc3219429f0e5d060061f71acb49bf010a0/hamcrest-core-1.3.jar:/Users/taechit.cha/.gradle/caches/modules-2/files-2.1/org.skyscreamer/jsonassert/1.5.0/6c9d5fe2f59da598d9aefc1cfc6528ff3cf32df3/jsonassert-1.5.0.jar:/Users/taechit.cha/.gradle/caches/modules-2/files-2.1/org.springframework/spring-test/5.0.8.RELEASE/5782619373bd7e7b7d9106203c317b04bb613ebb/spring-test-5.0.8.RELEASE.jar:/Users/taechit.cha/.gradle/caches/modules-2/files-2.1/org.springframework.boot/spring-boot-autoconfigure/2.0.4.RELEASE/65cd1244d606acc02ab7bfc47a203a3fe2400dda/spring-boot-autoconfigure-2.0.4.RELEASE.jar:/Users/taechit.cha/.gradle/caches/modules-2/files-2.1/org.springframework.boot/spring-boot/2.0.4.RELEASE/c8619c5b06d4dcdb4cac1e5e9c839e6e8b1c8574/spring-boot-2.0.4.RELEASE.jar:/Users/taechit.cha/.gradle/caches/modules-2/files-2.1/org.springframework/spring-tx/5.0.8.RELEASE/b6488db6192f71bd682a13b9d42127307631c616/spring-tx-5.0.8.RELEASE.jar:/Users/taechit.cha/.gradle/caches/modules-2/files-2.1/org.springframework/spring-context/5.0.8.RELEASE/3a067d8990761111c9b6d1d895640be26cc1fb38/spring-context-5.0.8.RELEASE.jar:/Users/taechit.cha/.gradle/caches/modules-2/files-2.1/org.springframework.data/spring-data-commons/2.0.9.RELEASE/9c8f3ea29c9dd6e4c41876c46e9f5f4987390beb/spring-data-commons-2.0.9.RELEASE.jar:/Users/taechit.cha/.gradle/caches/modules-2/files-2.1/org.springframework/spring-aop/5.0.8.RELEASE/f5086c1a3185c481104511837427b39a07a57aa2/spring-aop-5.0.8.RELEASE.jar:/Users/taechit.cha/.gradle/caches/modules-2/files-2.1/org.springframework/spring-beans/5.0.8.RELEASE/5fc965d3e7f5515099244857a8ae9e2a208c169b/spring-beans-5.0.8.RELEASE.jar:/Users/taechit.cha/.gradle/caches/modules-2/files-2.1/org.springframework/spring-expression/5.0.8.RELEASE/f23158f22c917df2cddf2ecebc398a9e95f95fae/spring-expression-5.0.8.RELEASE.jar:/Users/taechit.cha/.gradle/caches/modules-2/files-2.1/org.springframework/spring-core/5.0.8.RELEASE/dc39c49e3246cdf73d3786ac41119140aed3fa08/spring-core-5.0.8.RELEASE.jar:/Users/taechit.cha/.gradle/caches/modules-2/files-2.1/org.xmlunit/xmlunit-core/2.5.1/4ffdb346572a7356f7521cd3119ce5287d2e339d/xmlunit-core-2.5.1.jar:/Users/taechit.cha/.gradle/caches/modules-2/files-2.1/org.springframework.boot/spring-boot-starter-logging/2.0.4.RELEASE/dcd1a2c431c970f44adae64d9145133979a513ab/spring-boot-starter-logging-2.0.4.RELEASE.jar:/Users/taechit.cha/.gradle/caches/modules-2/files-2.1/javax.annotation/javax.annotation-api/1.3.2/934c04d3cfef185a8008e7bf34331b79730a9d43/javax.annotation-api-1.3.2.jar:/Users/taechit.cha/.gradle/caches/modules-2/files-2.1/org.yaml/snakeyaml/1.19/2d998d3d674b172a588e54ab619854d073f555b5/snakeyaml-1.19.jar:/Users/taechit.cha/.gradle/caches/modules-2/files-2.1/org.synchronoss.cloud/nio-stream-storage/1.1.3/986dba5f6e5eed20f0dba6ddc8e8a64a9ebdc2f3/nio-stream-storage-1.1.3.jar:/Users/taechit.cha/.gradle/caches/modules-2/files-2.1/ch.qos.logback/logback-classic/1.2.3/7c4f3c474fb2c041d8028740440937705ebb473a/logback-classic-1.2.3.jar:/Users/taechit.cha/.gradle/caches/modules-2/files-2.1/org.apache.logging.log4j/log4j-to-slf4j/2.10.0/f7e631ccf49cfc0aefa4a2a728da7d374c05bd3c/log4j-to-slf4j-2.10.0.jar:/Users/taechit.cha/.gradle/caches/modules-2/files-2.1/org.slf4j/jul-to-slf4j/1.7.25/af5364cd6679bfffb114f0dec8a157aaa283b76/jul-to-slf4j-1.7.25.jar:/Users/taechit.cha/.gradle/caches/modules-2/files-2.1/org.slf4j/slf4j-api/1.7.25/da76ca59f6a57ee3102f8f9bd9cee742973efa8a/slf4j-api-1.7.25.jar:/Users/taechit.cha/.gradle/caches/modules-2/files-2.1/org.mongodb/mongodb-driver-core/3.6.4/6e737a5d706036bed528522d445dd2ffc454bd6b/mongodb-driver-core-3.6.4.jar:/Users/taechit.cha/.gradle/caches/modules-2/files-2.1/org.mongodb/bson/3.6.4/da7487f3cba7ddd1e0b0814005960cf543e9d8/bson-3.6.4.jar:/Users/taechit.cha/.gradle/caches/modules-2/files-2.1/org.reactivestreams/reactive-streams/1.0.2/323964c36556eb0e6209f65c1cef72b53b461ab8/reactive-streams-1.0.2.jar:/Users/taechit.cha/.gradle/caches/modules-2/files-2.1/javax.validation/validation-api/2.0.1.Final/cb855558e6271b1b32e716d24cb85c7f583ce09e/validation-api-2.0.1.Final.jar:/Users/taechit.cha/.gradle/caches/modules-2/files-2.1/org.jboss.logging/jboss-logging/3.3.2.Final/3789d00e859632e6c6206adc0c71625559e6e3b0/jboss-logging-3.3.2.Final.jar:/Users/taechit.cha/.gradle/caches/modules-2/files-2.1/com.fasterxml/classmate/1.3.4/3d5f48f10bbe4eb7bd862f10c0583be2e0053c6/classmate-1.3.4.jar:/Users/taechit.cha/.gradle/caches/modules-2/files-2.1/com.fasterxml.jackson.core/jackson-core/2.9.6/4e393793c37c77e042ccc7be5a914ae39251b365/jackson-core-2.9.6.jar:/Users/taechit.cha/.gradle/caches/modules-2/files-2.1/org.jetbrains.kotlin/kotlin-stdlib-common/1.2.51/e4a9d4b13ab19ed1e6531fce6df98e8cfa7f7301/kotlin-stdlib-common-1.2.51.jar:/Users/taechit.cha/.gradle/caches/modules-2/files-2.1/org.jetbrains/annotations/13.0/919f0dfe192fb4e063e7dacadee7f8bb9a2672a9/annotations-13.0.jar:/Users/taechit.cha/.gradle/caches/modules-2/files-2.1/commons-io/commons-io/2.4/b1b6ea3b7e4aa4f492509a4952029cd8e48019ad/commons-io-2.4.jar:/Users/taechit.cha/.gradle/caches/modules-2/files-2.1/org.apache.commons/commons-lang3/3.7/557edd918fd41f9260963583ebf5a61a43a6b423/commons-lang3-3.7.jar:/Users/taechit.cha/.gradle/caches/modules-2/files-2.1/net.java.dev.jna/jna-platform/4.5.2/741853c07152f6c0fef5194efa6b2dabac22e9c0/jna-platform-4.5.2.jar:/Users/taechit.cha/.gradle/caches/modules-2/files-2.1/net.java.dev.jna/jna/4.5.2/35d000afbaa4ed425d91873b40f4df9b8236875b/jna-4.5.2.jar:/Users/taechit.cha/.gradle/caches/modules-2/files-2.1/org.apache.commons/commons-compress/1.10/5eeb27c57eece1faf2d837868aeccc94d84dcc9a/commons-compress-1.10.jar:/Users/taechit.cha/.gradle/caches/modules-2/files-2.1/net.minidev/json-smart/2.3/7396407491352ce4fa30de92efb158adb76b5b/json-smart-2.3.jar:/Users/taechit.cha/.gradle/caches/modules-2/files-2.1/net.bytebuddy/byte-buddy/1.7.11/f02857a4e2c66ccbe7aaad6100a0a6c461bce9b3/byte-buddy-1.7.11.jar:/Users/taechit.cha/.gradle/caches/modules-2/files-2.1/net.bytebuddy/byte-buddy-agent/1.7.11/b425a8933ca07edd03c6dbc8bc3b595fba9780de/byte-buddy-agent-1.7.11.jar:/Users/taechit.cha/.gradle/caches/modules-2/files-2.1/org.objenesis/objenesis/2.6/639033469776fd37c08358c6b92a4761feb2af4b/objenesis-2.6.jar:/Users/taechit.cha/.gradle/caches/modules-2/files-2.1/com.vaadin.external.google/android-json/0.0.20131108.vaadin1/fa26d351fe62a6a17f5cda1287c1c6110dec413f/android-json-0.0.20131108.vaadin1.jar:/Users/taechit.cha/.gradle/caches/modules-2/files-2.1/org.springframework/spring-jcl/5.0.8.RELEASE/a1fa8fb560fb252321776e16bc9ac8201af4ef5e/spring-jcl-5.0.8.RELEASE.jar:/Users/taechit.cha/.gradle/caches/modules-2/files-2.1/io.netty/netty-handler-proxy/4.1.27.Final/1a822ce7760bc6eb4937b7e448c9e081fedcc807/netty-handler-proxy-4.1.27.Final.jar:/Users/taechit.cha/.gradle/caches/modules-2/files-2.1/io.netty/netty-codec-http/4.1.27.Final/a1722d6bcbbef1c4c7877e8bf38b07a3db5ed07f/netty-codec-http-4.1.27.Final.jar:/Users/taechit.cha/.gradle/caches/modules-2/files-2.1/io.netty/netty-handler/4.1.27.Final/21bd9cf565390a8d72579b8664303e3c175dfc6a/netty-handler-4.1.27.Final.jar:/Users/taechit.cha/.gradle/caches/modules-2/files-2.1/io.netty/netty-transport-native-epoll/4.1.27.Final/8c3a61a7dd53eafe2f0fe31356f1379598f74517/netty-transport-native-epoll-4.1.27.Final-linux-x86_64.jar:/Users/taechit.cha/.gradle/caches/modules-2/files-2.1/net.minidev/accessors-smart/1.2/c592b500269bfde36096641b01238a8350f8aa31/accessors-smart-1.2.jar:/Users/taechit.cha/.gradle/caches/modules-2/files-2.1/ch.qos.logback/logback-core/1.2.3/864344400c3d4d92dfeb0a305dc87d953677c03c/logback-core-1.2.3.jar:/Users/taechit.cha/.gradle/caches/modules-2/files-2.1/org.apache.logging.log4j/log4j-api/2.10.0/fec5797a55b786184a537abd39c3fa1449d752d6/log4j-api-2.10.0.jar:/Users/taechit.cha/.gradle/caches/modules-2/files-2.1/io.netty/netty-codec-socks/4.1.27.Final/285b09af98764cf02e4b77b3d95af188469a7133/netty-codec-socks-4.1.27.Final.jar:/Users/taechit.cha/.gradle/caches/modules-2/files-2.1/io.netty/netty-codec/4.1.27.Final/d2653d78ebaa650064768fb26b10051f5c8efb2c/netty-codec-4.1.27.Final.jar:/Users/taechit.cha/.gradle/caches/modules-2/files-2.1/io.netty/netty-transport-native-unix-common/4.1.27.Final/2b0667fe5c1df78c6cfbf9d53ad8b1fb533fb8e8/netty-transport-native-unix-common-4.1.27.Final.jar:/Users/taechit.cha/.gradle/caches/modules-2/files-2.1/io.netty/netty-transport/4.1.27.Final/b5c2da3ea89dd67320925f1504c9eb3615241b7c/netty-transport-4.1.27.Final.jar:/Users/taechit.cha/.gradle/caches/modules-2/files-2.1/io.netty/netty-buffer/4.1.27.Final/aafe2b9fb0d8f3b200cf10b9fd6486c6a722d7a1/netty-buffer-4.1.27.Final.jar:/Users/taechit.cha/.gradle/caches/modules-2/files-2.1/io.netty/netty-resolver/4.1.27.Final/2536447ef9605ccb2b5203aa22392c6514484ea9/netty-resolver-4.1.27.Final.jar:/Users/taechit.cha/.gradle/caches/modules-2/files-2.1/io.netty/netty-common/4.1.27.Final/6a12a969c27fb37b230c4bde5a67bd822fa6b7a4/netty-common-4.1.27.Final.jar:/Users/taechit.cha/.gradle/caches/modules-2/files-2.1/org.ow2.asm/asm/5.0.4/da08b8cce7bbf903602a25a3a163ae252435795/asm-5.0.4.jar, user.name=taechit.cha, java.vm.specification.version=1.8, sun.java.command=worker.org.gradle.process.internal.worker.GradleWorkerMain 'Gradle Test Executor 2', java.home=/Library/Java/JavaVirtualMachines/jdk1.8.0_181.jdk/Contents/Home/jre, sun.arch.data.model=64, user.language=en, java.specification.vendor=Oracle Corporation, awt.toolkit=sun.lwawt.macosx.LWCToolkit, java.vm.info=mixed mode, java.version=1.8.0_181, java.ext.dirs=/Users/taechit.cha/Library/Java/Extensions:/Library/Java/JavaVirtualMachines/jdk1.8.0_181.jdk/Contents/Home/jre/lib/ext:/Library/Java/Extensions:/Network/Library/Java/Extensions:/System/Library/Java/Extensions:/usr/lib/java, sun.boot.class.path=/Library/Java/JavaVirtualMachines/jdk1.8.0_181.jdk/Contents/Home/jre/lib/resources.jar:/Library/Java/JavaVirtualMachines/jdk1.8.0_181.jdk/Contents/Home/jre/lib/rt.jar:/Library/Java/JavaVirtualMachines/jdk1.8.0_181.jdk/Contents/Home/jre/lib/sunrsasign.jar:/Library/Java/JavaVirtualMachines/jdk1.8.0_181.jdk/Contents/Home/jre/lib/jsse.jar:/Library/Java/JavaVirtualMachines/jdk1.8.0_181.jdk/Contents/Home/jre/lib/jce.jar:/Library/Java/JavaVirtualMachines/jdk1.8.0_181.jdk/Contents/Home/jre/lib/charsets.jar:/Library/Java/JavaVirtualMachines/jdk1.8.0_181.jdk/Contents/Home/jre/lib/jfr.jar:/Library/Java/JavaVirtualMachines/jdk1.8.0_181.jdk/Contents/Home/jre/classes, java.vendor=Oracle Corporation, org.gradle.test.worker=2, file.separator=/, java.vendor.url.bug=http://bugreport.sun.com/bugreport/, sun.io.unicode.encoding=UnicodeBig, sun.cpu.endian=little, socksNonProxyHosts=local|*.local|169.254/16|*.169.254/16, ftp.nonProxyHosts=local|*.local|169.254/16|*.169.254/16, sun.cpu.isalist=}}, SystemEnvironmentPropertySource@1917089297 {name='systemEnvironment', properties={PYENV_SHELL=zsh, PATH=/Users/taechit.cha/.pyenv/versions/2.7.15/bin:/usr/local/Cellar/pyenv/1.2.7/libexec:/Users/taechit.cha/.pyenv/shims:/Library/Frameworks/Python.framework/Versions/3.7/bin:/usr/local/bin:/usr/bin:/bin:/usr/sbin:/sbin, SHELL=/bin/zsh, PAGER=less, LSCOLORS=Gxfxcxdxbxegedabagacad, PYENV_DIR=/Applications/IntelliJ IDEA CE.app/Contents/bin, PYENV_ROOT=/Users/taechit.cha/.pyenv, USER=taechit.cha, ZSH=/Users/taechit.cha/.oh-my-zsh, TMPDIR=/var/folders/nt/g0glvl211n50hsrp2cr09frr0000gp/T/, PYENV_HOOK_PATH=/Users/taechit.cha/.pyenv/pyenv.d:/usr/local/Cellar/pyenv/1.2.7/pyenv.d:/usr/local/etc/pyenv.d:/etc/pyenv.d:/usr/lib/pyenv/hooks, SSH_AUTH_SOCK=/private/tmp/com.apple.launchd.kxLp6EQ2wI/Listeners, SPACESHIP_VERSION=3.5.0, SPACESHIP_ROOT=/Users/taechit.cha/.oh-my-zsh/custom/themes/spaceship-prompt, XPC_FLAGS=0x0, __CF_USER_TEXT_ENCODING=0x1F6:0x0:0x0, Apple_PubSub_Socket_Render=/private/tmp/com.apple.launchd.1eYrxeyHTD/Render, LESS=-R, LOGNAME=taechit.cha, LC_CTYPE=, PYENV_VERSION=2.7.15, XPC_SERVICE_NAME=com.jetbrains.intellij.ce.2692, JAVA_MAIN_CLASS_7723=worker.org.gradle.process.internal.worker.GradleWorkerMain, HOME=/Users/taechit.cha}}]
14:00:02.953 [Test worker] DEBUG org.springframework.test.context.support.TestPropertySourceUtils - Adding inlined properties to environment: {spring.jmx.enabled=false, org.springframework.boot.test.context.SpringBootTestContextBootstrapper=true, server.port=-1}
14:00:02.953 [Test worker] DEBUG org.springframework.core.env.StandardEnvironment - Adding PropertySource 'Inlined Test Properties' with highest search precedence

  .   ____          _            __ _ _
 /\\ / ___'_ __ _ _(_)_ __  __ _ \ \ \ \
( ( )\___ | '_ | '_| | '_ \/ _` | \ \ \ \
 \\/  ___)| |_)| | | | | || (_| |  ) ) ) )
  '  |____| .__|_| |_|_| |_\__, | / / / /
 =========|_|==============|___/=/_/_/_/
 :: Spring Boot ::        (v2.0.4.RELEASE)

2018-08-31 14:00:03.238  INFO 7723 --- [    Test worker] c.d.api.toodemo.ToodemoApplicationTests  : Starting ToodemoApplicationTests on ip-172-23-248-210.ap-southeast-1.compute.internal with PID 7723 (started by taechit.cha in /Users/taechit.cha/sourcecode/00-git/kotlin-webflux-mongodb)
2018-08-31 14:00:03.243  INFO 7723 --- [    Test worker] c.d.api.toodemo.ToodemoApplicationTests  : No active profile set, falling back to default profiles: default
2018-08-31 14:00:03.281  INFO 7723 --- [    Test worker] r.c.GenericReactiveWebApplicationContext : Refreshing org.springframework.boot.web.reactive.context.GenericReactiveWebApplicationContext@55f2996f: startup date [Fri Aug 31 14:00:03 ICT 2018]; root of context hierarchy
2018-08-31 14:00:04.574  INFO 7723 --- [    Test worker] o.s.w.r.handler.SimpleUrlHandlerMapping  : Mapped URL path [/webjars/**] onto handler of type [class org.springframework.web.reactive.resource.ResourceWebHandler]
2018-08-31 14:00:04.574  INFO 7723 --- [    Test worker] o.s.w.r.handler.SimpleUrlHandlerMapping  : Mapped URL path [/**] onto handler of type [class org.springframework.web.reactive.resource.ResourceWebHandler]
2018-08-31 14:00:04.660  INFO 7723 --- [    Test worker] o.s.w.r.r.m.a.ControllerMethodResolver   : Looking for @ControllerAdvice: org.springframework.boot.web.reactive.context.GenericReactiveWebApplicationContext@55f2996f: startup date [Fri Aug 31 14:00:03 ICT 2018]; root of context hierarchy
2018-08-31 14:00:05.007  INFO 7723 --- [       Thread-6] o.s.b.a.mongo.embedded.EmbeddedMongo     : note: noprealloc may hurt performance in many applications
2018-08-31 14:00:05.022  INFO 7723 --- [       Thread-6] o.s.b.a.mongo.embedded.EmbeddedMongo     : 2018-08-31T14:00:05.021+0700 I CONTROL  [initandlisten] MongoDB starting : pid=7724 port=52812 dbpath=/var/folders/nt/g0glvl211n50hsrp2cr09frr0000gp/T/embedmongo-db-a5884ca0-d371-461e-b925-8434abe53f81 64-bit host=ip-172-23-248-210.ap-southeast-1.compute.internal
2018-08-31 14:00:05.022  INFO 7723 --- [       Thread-6] o.s.b.a.mongo.embedded.EmbeddedMongo     : 2018-08-31T14:00:05.022+0700 I CONTROL  [initandlisten] db version v3.2.2
2018-08-31 14:00:05.022  INFO 7723 --- [       Thread-6] o.s.b.a.mongo.embedded.EmbeddedMongo     : 2018-08-31T14:00:05.022+0700 I CONTROL  [initandlisten] git version: 6e71d0d568e134c029203593b00a0103e7cdf30b
2018-08-31 14:00:05.023  INFO 7723 --- [       Thread-6] o.s.b.a.mongo.embedded.EmbeddedMongo     : 2018-08-31T14:00:05.022+0700 I CONTROL  [initandlisten] allocator: system
2018-08-31 14:00:05.023  INFO 7723 --- [       Thread-6] o.s.b.a.mongo.embedded.EmbeddedMongo     : 2018-08-31T14:00:05.022+0700 I CONTROL  [initandlisten] modules: none
2018-08-31 14:00:05.023  INFO 7723 --- [       Thread-6] o.s.b.a.mongo.embedded.EmbeddedMongo     : 2018-08-31T14:00:05.022+0700 I CONTROL  [initandlisten] build environment:
2018-08-31 14:00:05.023  INFO 7723 --- [       Thread-6] o.s.b.a.mongo.embedded.EmbeddedMongo     : 2018-08-31T14:00:05.022+0700 I CONTROL  [initandlisten]     distarch: x86_64
2018-08-31 14:00:05.023  INFO 7723 --- [       Thread-6] o.s.b.a.mongo.embedded.EmbeddedMongo     : 2018-08-31T14:00:05.022+0700 I CONTROL  [initandlisten]     target_arch: x86_64
2018-08-31 14:00:05.024  INFO 7723 --- [       Thread-6] o.s.b.a.mongo.embedded.EmbeddedMongo     : 2018-08-31T14:00:05.022+0700 I CONTROL  [initandlisten] options: { net: { bindIp: "127.0.0.1", http: { enabled: false }, port: 52812 }, security: { authorization: "disabled" }, storage: { dbPath: "/var/folders/nt/g0glvl211n50hsrp2cr09frr0000gp/T/embedmongo-db-a5884ca0-d371-461e-b925-8434abe53f81", journal: { enabled: false }, mmapv1: { preallocDataFiles: false, smallFiles: true }, syncPeriodSecs: 0.0 } }
2018-08-31 14:00:05.024  INFO 7723 --- [       Thread-6] o.s.b.a.mongo.embedded.EmbeddedMongo     : 2018-08-31T14:00:05.023+0700 I STORAGE  [initandlisten] wiredtiger_open config: create,cache_size=9G,session_max=20000,eviction=(threads_max=4),config_base=false,statistics=(fast),log=(enabled=true,archive=true,path=journal,compressor=snappy),file_manager=(close_idle_time=100000),checkpoint=(wait=0,log_size=2GB),statistics_log=(wait=0),,log=(enabled=false),
2018-08-31 14:00:05.278  INFO 7723 --- [       Thread-6] o.s.b.a.mongo.embedded.EmbeddedMongo     : 2018-08-31T14:00:05.278+0700 W STORAGE  [initandlisten] Detected configuration for non-active storage engine mmapv1 when current storage engine is wiredTiger
2018-08-31 14:00:05.279  INFO 7723 --- [       Thread-6] o.s.b.a.mongo.embedded.EmbeddedMongo     : 2018-08-31T14:00:05.278+0700 I NETWORK  [HostnameCanonicalizationWorker] Starting hostname canonicalization worker
2018-08-31 14:00:05.279  INFO 7723 --- [       Thread-6] o.s.b.a.mongo.embedded.EmbeddedMongo     : 2018-08-31T14:00:05.278+0700 I FTDC     [initandlisten] Initializing full-time diagnostic data capture with directory '/var/folders/nt/g0glvl211n50hsrp2cr09frr0000gp/T/embedmongo-db-a5884ca0-d371-461e-b925-8434abe53f81/diagnostic.data'
2018-08-31 14:00:05.370  INFO 7723 --- [       Thread-6] o.s.b.a.mongo.embedded.EmbeddedMongo     : 2018-08-31T14:00:05.370+0700 I NETWORK  [initandlisten] waiting for connections on port 52812
2018-08-31 14:00:05.372  INFO 7723 --- [    Test worker] d.f.embed.process.runtime.Executable     : start de.flapdoodle.embed.mongo.config.MongodConfigBuilder$ImmutableMongodConfig@3e5bd6e2
2018-08-31 14:00:05.712  INFO 7723 --- [    Test worker] org.mongodb.driver.cluster               : Cluster created with settings {hosts=[localhost:52812], mode=MULTIPLE, requiredClusterType=UNKNOWN, serverSelectionTimeout='30000 ms', maxWaitQueueSize=500}
2018-08-31 14:00:05.713  INFO 7723 --- [    Test worker] org.mongodb.driver.cluster               : Adding discovered server localhost:52812 to client view of cluster
2018-08-31 14:00:05.756  INFO 7723 --- [       Thread-6] o.s.b.a.mongo.embedded.EmbeddedMongo     : 2018-08-31T14:00:05.756+0700 I NETWORK  [initandlisten] connection accepted from 127.0.0.1:52822 #1 (1 connection now open)
2018-08-31 14:00:05.783  INFO 7723 --- [localhost:52812] org.mongodb.driver.connection            : Opened connection [connectionId{localValue:1, serverValue:1}] to localhost:52812
2018-08-31 14:00:05.785  INFO 7723 --- [localhost:52812] org.mongodb.driver.cluster               : Monitor thread successfully connected to server with description ServerDescription{address=localhost:52812, type=STANDALONE, state=CONNECTED, ok=true, version=ServerVersion{versionList=[3, 2, 2]}, minWireVersion=0, maxWireVersion=4, maxDocumentSize=16777216, logicalSessionTimeoutMinutes=null, roundTripTimeNanos=958170}
2018-08-31 14:00:05.786  INFO 7723 --- [localhost:52812] org.mongodb.driver.cluster               : Discovered cluster type of STANDALONE
2018-08-31 14:00:06.026  INFO 7723 --- [    Test worker] org.mongodb.driver.cluster               : Cluster created with settings {hosts=[localhost:52812], mode=MULTIPLE, requiredClusterType=UNKNOWN, serverSelectionTimeout='30000 ms', maxWaitQueueSize=500}
2018-08-31 14:00:06.026  INFO 7723 --- [    Test worker] org.mongodb.driver.cluster               : Adding discovered server localhost:52812 to client view of cluster
2018-08-31 14:00:06.100  INFO 7723 --- [       Thread-6] o.s.b.a.mongo.embedded.EmbeddedMongo     : 2018-08-31T14:00:06.099+0700 I NETWORK  [initandlisten] connection accepted from 127.0.0.1:52823 #2 (2 connections now open)
2018-08-31 14:00:06.201  INFO 7723 --- [localhost:52812] org.mongodb.driver.connection            : Opened connection [connectionId{localValue:2, serverValue:2}] to localhost:52812
2018-08-31 14:00:06.204  INFO 7723 --- [localhost:52812] org.mongodb.driver.cluster               : Monitor thread successfully connected to server with description ServerDescription{address=localhost:52812, type=STANDALONE, state=CONNECTED, ok=true, version=ServerVersion{versionList=[3, 2, 2]}, minWireVersion=0, maxWireVersion=4, maxDocumentSize=16777216, logicalSessionTimeoutMinutes=null, roundTripTimeNanos=2809894}
2018-08-31 14:00:06.204  INFO 7723 --- [localhost:52812] org.mongodb.driver.cluster               : Discovered cluster type of STANDALONE
2018-08-31 14:00:06.384  INFO 7723 --- [    Test worker] c.d.api.toodemo.ToodemoApplicationTests  : Started ToodemoApplicationTests in 3.422 seconds (JVM running for 4.397)
]]></system-out>
  <system-err><![CDATA[]]></system-err>
</testsuite>
